# JRE version: OpenJDK Runtime Environment (11.0.10) (build 11.0.10+0-b96-7249189)
# Java VM: OpenJDK 64-Bit Server VM (11.0.10+0-b96-7249189, mixed mode, tiered, compressed oops, g1 gc, windows-amd64)
Heap:
 garbage-first heap   total 1147904K, used 197236K [0x0000000080000000, 0x0000000100000000)
  region size 1024K, 16 young (16384K), 16 survivors (16384K)
 Metaspace       used 140861K, capacity 144888K, committed 145408K, reserved 1175552K
  class space    used 17291K, capacity 18728K, committed 18944K, reserved 1048576K
GC Heap History (20 events):
Event: 3420.450 GC heap after
{Heap after GC invocations=181 (full 0):
 garbage-first heap   total 514048K, used 171439K [0x0000000080000000, 0x0000000100000000)
  region size 1024K, 5 young (5120K), 5 survivors (5120K)
 Metaspace       used 140636K, capacity 144656K, committed 145152K, reserved 1175552K
  class space    used 17284K, capacity 18722K, committed 18944K, reserved 1048576K
}
Event: 3420.508 GC heap before
{Heap before GC invocations=181 (full 0):
 garbage-first heap   total 514048K, used 191919K [0x0000000080000000, 0x0000000100000000)
  region size 1024K, 25 young (25600K), 5 survivors (5120K)
 Metaspace       used 140637K, capacity 144656K, committed 145152K, reserved 1175552K
  class space    used 17284K, capacity 18722K, committed 18944K, reserved 1048576K
}
Event: 3420.516 GC heap after
{Heap after GC invocations=182 (full 0):
 garbage-first heap   total 514048K, used 171716K [0x0000000080000000, 0x0000000100000000)
  region size 1024K, 2 young (2048K), 2 survivors (2048K)
 Metaspace       used 140637K, capacity 144656K, committed 145152K, reserved 1175552K
  class space    used 17284K, capacity 18722K, committed 18944K, reserved 1048576K
}
Event: 3422.216 GC heap before
{Heap before GC invocations=182 (full 0):
 garbage-first heap   total 514048K, used 415428K [0x0000000080000000, 0x0000000100000000)
  region size 1024K, 240 young (245760K), 2 survivors (2048K)
 Metaspace       used 140646K, capacity 144658K, committed 145152K, reserved 1175552K
  class space    used 17284K, capacity 18722K, committed 18944K, reserved 1048576K
}
Event: 3423.025 GC heap after
{Heap after GC invocations=183 (full 0):
 garbage-first heap   total 514048K, used 172152K [0x0000000080000000, 0x0000000100000000)
  region size 1024K, 2 young (2048K), 2 survivors (2048K)
 Metaspace       used 140646K, capacity 144658K, committed 145152K, reserved 1175552K
  class space    used 17284K, capacity 18722K, committed 18944K, reserved 1048576K
}
Event: 3423.145 GC heap before
{Heap before GC invocations=183 (full 0):
 garbage-first heap   total 514048K, used 194680K [0x0000000080000000, 0x0000000100000000)
  region size 1024K, 25 young (25600K), 2 survivors (2048K)
 Metaspace       used 140648K, capacity 144658K, committed 145152K, reserved 1175552K
  class space    used 17284K, capacity 18722K, committed 18944K, reserved 1048576K
}
Event: 3423.148 GC heap after
{Heap after GC invocations=184 (full 0):
 garbage-first heap   total 514048K, used 173822K [0x0000000080000000, 0x0000000100000000)
  region size 1024K, 4 young (4096K), 4 survivors (4096K)
 Metaspace       used 140648K, capacity 144658K, committed 145152K, reserved 1175552K
  class space    used 17284K, capacity 18722K, committed 18944K, reserved 1048576K
}
Event: 3423.550 GC heap before
{Heap before GC invocations=184 (full 0):
 garbage-first heap   total 514048K, used 443134K [0x0000000080000000, 0x0000000100000000)
  region size 1024K, 267 young (273408K), 4 survivors (4096K)
 Metaspace       used 140702K, capacity 144732K, committed 145152K, reserved 1175552K
  class space    used 17284K, capacity 18722K, committed 18944K, reserved 1048576K
}
Event: 3423.559 GC heap after
{Heap after GC invocations=185 (full 0):
 garbage-first heap   total 514048K, used 174731K [0x0000000080000000, 0x0000000100000000)
  region size 1024K, 5 young (5120K), 5 survivors (5120K)
 Metaspace       used 140702K, capacity 144732K, committed 145152K, reserved 1175552K
  class space    used 17284K, capacity 18722K, committed 18944K, reserved 1048576K
}
Event: 3424.008 GC heap before
{Heap before GC invocations=185 (full 0):
 garbage-first heap   total 514048K, used 446091K [0x0000000080000000, 0x0000000100000000)
  region size 1024K, 271 young (277504K), 5 survivors (5120K)
 Metaspace       used 140756K, capacity 144745K, committed 145152K, reserved 1175552K
  class space    used 17290K, capacity 18725K, committed 18944K, reserved 1048576K
}
Event: 3424.026 GC heap after
{Heap after GC invocations=186 (full 0):
 garbage-first heap   total 514048K, used 180551K [0x0000000080000000, 0x0000000100000000)
  region size 1024K, 11 young (11264K), 11 survivors (11264K)
 Metaspace       used 140756K, capacity 144745K, committed 145152K, reserved 1175552K
  class space    used 17290K, capacity 18725K, committed 18944K, reserved 1048576K
}
Event: 3424.433 GC heap before
{Heap before GC invocations=186 (full 0):
 garbage-first heap   total 514048K, used 442695K [0x0000000080000000, 0x0000000100000000)
  region size 1024K, 268 young (274432K), 11 survivors (11264K)
 Metaspace       used 140794K, capacity 144819K, committed 145152K, reserved 1175552K
  class space    used 17291K, capacity 18728K, committed 18944K, reserved 1048576K
}
Event: 3424.446 GC heap after
{Heap after GC invocations=187 (full 0):
 garbage-first heap   total 514048K, used 181988K [0x0000000080000000, 0x0000000100000000)
  region size 1024K, 12 young (12288K), 12 survivors (12288K)
 Metaspace       used 140794K, capacity 144819K, committed 145152K, reserved 1175552K
  class space    used 17291K, capacity 18728K, committed 18944K, reserved 1048576K
}
Event: 3425.106 GC heap before
{Heap before GC invocations=188 (full 0):
 garbage-first heap   total 514048K, used 445156K [0x0000000080000000, 0x0000000100000000)
  region size 1024K, 269 young (275456K), 12 survivors (12288K)
 Metaspace       used 140827K, capacity 144821K, committed 145152K, reserved 1175552K
  class space    used 17291K, capacity 18728K, committed 18944K, reserved 1048576K
}
Event: 3425.189 GC heap after
{Heap after GC invocations=189 (full 0):
 garbage-first heap   total 514048K, used 191607K [0x0000000080000000, 0x0000000100000000)
  region size 1024K, 21 young (21504K), 21 survivors (21504K)
 Metaspace       used 140827K, capacity 144821K, committed 145152K, reserved 1175552K
  class space    used 17291K, capacity 18728K, committed 18944K, reserved 1048576K
}
Event: 3425.203 GC heap before
{Heap before GC invocations=189 (full 0):
 garbage-first heap   total 514048K, used 194679K [0x0000000080000000, 0x0000000100000000)
  region size 1024K, 25 young (25600K), 21 survivors (21504K)
 Metaspace       used 140827K, capacity 144821K, committed 145152K, reserved 1175552K
  class space    used 17291K, capacity 18728K, committed 18944K, reserved 1048576K
}
Event: 3425.370 GC heap after
{Heap after GC invocations=190 (full 0):
 garbage-first heap   total 514048K, used 184315K [0x0000000080000000, 0x0000000100000000)
  region size 1024K, 3 young (3072K), 3 survivors (3072K)
 Metaspace       used 140827K, capacity 144821K, committed 145152K, reserved 1175552K
  class space    used 17291K, capacity 18728K, committed 18944K, reserved 1048576K
}
Event: 3425.715 GC heap before
{Heap before GC invocations=190 (full 0):
 garbage-first heap   total 514048K, used 376827K [0x0000000080000000, 0x0000000100000000)
  region size 1024K, 192 young (196608K), 3 survivors (3072K)
 Metaspace       used 140851K, capacity 144822K, committed 145152K, reserved 1175552K
  class space    used 17291K, capacity 18728K, committed 18944K, reserved 1048576K
}
Event: 3425.810 GC heap after
{Heap after GC invocations=191 (full 0):
 garbage-first heap   total 514048K, used 190192K [0x0000000080000000, 0x0000000100000000)
  region size 1024K, 9 young (9216K), 9 survivors (9216K)
 Metaspace       used 140851K, capacity 144822K, committed 145152K, reserved 1175552K
  class space    used 17291K, capacity 18728K, committed 18944K, reserved 1048576K
}
Event: 3426.245 GC heap before
{Heap before GC invocations=191 (full 0):
 garbage-first heap   total 514048K, used 439024K [0x0000000080000000, 0x0000000100000000)
  region size 1024K, 251 young (257024K), 9 survivors (9216K)
 Metaspace       used 140861K, capacity 144888K, committed 145408K, reserved 1175552K
  class space    used 17291K, capacity 18728K, committed 18944K, reserved 1048576K
}

